2012/06/09 13:45:16 [error] [php] PDO::__construct(): [2002] No such file or directory (trying to connect via unix:///var/mysql/mysql.sock) (/Users/cgeek/Sites/fankui/framework/db/CDbConnection.php:422)
Stack trace:
#0 /Users/cgeek/Sites/fankui/framework/db/CDbConnection.php(331): CDbConnection->open()
#1 /Users/cgeek/Sites/fankui/framework/db/CDbConnection.php(309): CDbConnection->setActive()
#2 /Users/cgeek/Sites/fankui/framework/base/CModule.php(388): CDbConnection->init()
#3 /Users/cgeek/Sites/fankui/framework/base/CModule.php(104): CWebApplication->getComponent()
#4 /Users/cgeek/Sites/fankui/framework/gii/generators/model/ModelCode.php(54): CWebApplication->__get()
#5 /Users/cgeek/Sites/fankui/framework/web/CFormModel.php(40): ModelCode->init()
#6 /Users/cgeek/Sites/fankui/framework/gii/CCodeGenerator.php(152): ModelCode->__construct()
#7 /Users/cgeek/Sites/fankui/framework/gii/CCodeGenerator.php(64): ModelGenerator->prepare()
#8 /Users/cgeek/Sites/fankui/framework/web/actions/CInlineAction.php(50): ModelGenerator->actionIndex()
#9 /Users/cgeek/Sites/fankui/framework/web/CController.php(309): CInlineAction->runWithParams()
#10 /Users/cgeek/Sites/fankui/framework/web/CController.php(287): ModelGenerator->runAction()
#11 /Users/cgeek/Sites/fankui/framework/web/CController.php(266): ModelGenerator->runActionWithFilters()
#12 /Users/cgeek/Sites/fankui/framework/web/CWebApplication.php(276): ModelGenerator->run()
#13 /Users/cgeek/Sites/fankui/framework/web/CWebApplication.php(135): CWebApplication->runController()
#14 /Users/cgeek/Sites/fankui/framework/base/CApplication.php(162): CWebApplication->processRequest()
#15 /Users/cgeek/Sites/fankui/WebRoot/index.php(13): CWebApplication->run()
REQUEST_URI=/index.php?r=gii/model
in /Users/cgeek/Sites/fankui/WebRoot/index.php (13)
2012/06/09 13:45:18 [error] [php] PDO::__construct(): [2002] No such file or directory (trying to connect via unix:///var/mysql/mysql.sock) (/Users/cgeek/Sites/fankui/framework/db/CDbConnection.php:422)
Stack trace:
#0 /Users/cgeek/Sites/fankui/framework/db/CDbConnection.php(331): CDbConnection->open()
#1 /Users/cgeek/Sites/fankui/framework/db/CDbConnection.php(309): CDbConnection->setActive()
#2 /Users/cgeek/Sites/fankui/framework/base/CModule.php(388): CDbConnection->init()
#3 /Users/cgeek/Sites/fankui/framework/base/CModule.php(104): CWebApplication->getComponent()
#4 /Users/cgeek/Sites/fankui/framework/gii/generators/model/ModelCode.php(54): CWebApplication->__get()
#5 /Users/cgeek/Sites/fankui/framework/web/CFormModel.php(40): ModelCode->init()
#6 /Users/cgeek/Sites/fankui/framework/gii/CCodeGenerator.php(152): ModelCode->__construct()
#7 /Users/cgeek/Sites/fankui/framework/gii/CCodeGenerator.php(64): ModelGenerator->prepare()
#8 /Users/cgeek/Sites/fankui/framework/web/actions/CInlineAction.php(50): ModelGenerator->actionIndex()
#9 /Users/cgeek/Sites/fankui/framework/web/CController.php(309): CInlineAction->runWithParams()
#10 /Users/cgeek/Sites/fankui/framework/web/CController.php(287): ModelGenerator->runAction()
#11 /Users/cgeek/Sites/fankui/framework/web/CController.php(266): ModelGenerator->runActionWithFilters()
#12 /Users/cgeek/Sites/fankui/framework/web/CWebApplication.php(276): ModelGenerator->run()
#13 /Users/cgeek/Sites/fankui/framework/web/CWebApplication.php(135): CWebApplication->runController()
#14 /Users/cgeek/Sites/fankui/framework/base/CApplication.php(162): CWebApplication->processRequest()
#15 /Users/cgeek/Sites/fankui/WebRoot/index.php(13): CWebApplication->run()
REQUEST_URI=/index.php?r=gii/model
in /Users/cgeek/Sites/fankui/WebRoot/index.php (13)
2012/06/09 13:48:04 [error] [system.db.CDbCommand] CDbCommand::fetchAll() failed: SQLSTATE[3D000]: Invalid catalog name: 1046 No database selected. The SQL statement executed was: SHOW TABLES.
in /Users/cgeek/Sites/fankui/WebRoot/index.php (13)
2012/06/09 13:48:04 [error] [exception.CDbException] exception 'CDbException' with message 'CDbCommand failed to execute the SQL statement: SQLSTATE[3D000]: Invalid catalog name: 1046 No database selected. The SQL statement executed was: SHOW TABLES' in /Users/cgeek/Sites/fankui/framework/db/CDbCommand.php:528
Stack trace:
#0 /Users/cgeek/Sites/fankui/framework/db/CDbCommand.php(446): CDbCommand->queryInternal('fetchAll', 7, Array)
#1 /Users/cgeek/Sites/fankui/framework/db/schema/mysql/CMysqlSchema.php(251): CDbCommand->queryColumn()
#2 /Users/cgeek/Sites/fankui/framework/db/schema/CDbSchema.php(140): CMysqlSchema->findTableNames('')
#3 /Users/cgeek/Sites/fankui/framework/db/schema/CDbSchema.php(123): CDbSchema->getTableNames('')
#4 /Users/cgeek/Sites/fankui/framework/gii/generators/model/views/index.php(60): CDbSchema->getTables()
#5 /Users/cgeek/Sites/fankui/framework/web/CBaseController.php(127): require('/Users/cgeek/Si...')
#6 /Users/cgeek/Sites/fankui/framework/web/CBaseController.php(96): CBaseController->renderInternal('/Users/cgeek/Si...', Array, true)
#7 /Users/cgeek/Sites/fankui/framework/web/CController.php(870): CBaseController->renderFile('/Users/cgeek/Si...', Array, true)
#8 /Users/cgeek/Sites/fankui/framework/web/CController.php(783): CController->renderPartial('index', Array, true)
#9 /Users/cgeek/Sites/fankui/framework/gii/CCodeGenerator.php(73): CController->render('index', Array)
#10 /Users/cgeek/Sites/fankui/framework/web/actions/CInlineAction.php(50): CCodeGenerator->actionIndex()
#11 /Users/cgeek/Sites/fankui/framework/web/CController.php(309): CInlineAction->runWithParams(Array)
#12 /Users/cgeek/Sites/fankui/framework/web/CController.php(287): CController->runAction(Object(CInlineAction))
#13 /Users/cgeek/Sites/fankui/framework/web/CController.php(266): CController->runActionWithFilters(Object(CInlineAction), Array)
#14 /Users/cgeek/Sites/fankui/framework/web/CWebApplication.php(276): CController->run('')
#15 /Users/cgeek/Sites/fankui/framework/web/CWebApplication.php(135): CWebApplication->runController('gii/model')
#16 /Users/cgeek/Sites/fankui/framework/base/CApplication.php(162): CWebApplication->processRequest()
#17 /Users/cgeek/Sites/fankui/WebRoot/index.php(13): CApplication->run()
#18 {main}
REQUEST_URI=/index.php?r=gii/model
HTTP_REFERER=http://fankui.cc/index.php?r=gii/default/index
---
2012/06/09 13:48:13 [error] [system.db.CDbCommand] CDbCommand::fetchAll() failed: SQLSTATE[3D000]: Invalid catalog name: 1046 No database selected. The SQL statement executed was: SHOW TABLES.
in /Users/cgeek/Sites/fankui/WebRoot/index.php (13)
2012/06/09 13:48:13 [error] [exception.CDbException] exception 'CDbException' with message 'CDbCommand failed to execute the SQL statement: SQLSTATE[3D000]: Invalid catalog name: 1046 No database selected. The SQL statement executed was: SHOW TABLES' in /Users/cgeek/Sites/fankui/framework/db/CDbCommand.php:528
Stack trace:
#0 /Users/cgeek/Sites/fankui/framework/db/CDbCommand.php(446): CDbCommand->queryInternal('fetchAll', 7, Array)
#1 /Users/cgeek/Sites/fankui/framework/db/schema/mysql/CMysqlSchema.php(251): CDbCommand->queryColumn()
#2 /Users/cgeek/Sites/fankui/framework/db/schema/CDbSchema.php(140): CMysqlSchema->findTableNames('')
#3 /Users/cgeek/Sites/fankui/framework/db/schema/CDbSchema.php(123): CDbSchema->getTableNames('')
#4 /Users/cgeek/Sites/fankui/framework/gii/generators/model/views/index.php(60): CDbSchema->getTables()
#5 /Users/cgeek/Sites/fankui/framework/web/CBaseController.php(127): require('/Users/cgeek/Si...')
#6 /Users/cgeek/Sites/fankui/framework/web/CBaseController.php(96): CBaseController->renderInternal('/Users/cgeek/Si...', Array, true)
#7 /Users/cgeek/Sites/fankui/framework/web/CController.php(870): CBaseController->renderFile('/Users/cgeek/Si...', Array, true)
#8 /Users/cgeek/Sites/fankui/framework/web/CController.php(783): CController->renderPartial('index', Array, true)
#9 /Users/cgeek/Sites/fankui/framework/gii/CCodeGenerator.php(73): CController->render('index', Array)
#10 /Users/cgeek/Sites/fankui/framework/web/actions/CInlineAction.php(50): CCodeGenerator->actionIndex()
#11 /Users/cgeek/Sites/fankui/framework/web/CController.php(309): CInlineAction->runWithParams(Array)
#12 /Users/cgeek/Sites/fankui/framework/web/CController.php(287): CController->runAction(Object(CInlineAction))
#13 /Users/cgeek/Sites/fankui/framework/web/CController.php(266): CController->runActionWithFilters(Object(CInlineAction), Array)
#14 /Users/cgeek/Sites/fankui/framework/web/CWebApplication.php(276): CController->run('')
#15 /Users/cgeek/Sites/fankui/framework/web/CWebApplication.php(135): CWebApplication->runController('gii/model')
#16 /Users/cgeek/Sites/fankui/framework/base/CApplication.php(162): CWebApplication->processRequest()
#17 /Users/cgeek/Sites/fankui/WebRoot/index.php(13): CApplication->run()
#18 {main}
REQUEST_URI=/index.php?r=gii/model
HTTP_REFERER=http://fankui.cc/index.php?r=gii/default/index
---
2012/06/09 13:49:17 [error] [exception.CDbException] exception 'CDbException' with message 'CDbConnection failed to open the DB connection: SQLSTATE[42000] [1049] Unknown database 'fankui'' in /Users/cgeek/Sites/fankui/framework/db/CDbConnection.php:382
Stack trace:
#0 /Users/cgeek/Sites/fankui/framework/db/CDbConnection.php(331): CDbConnection->open()
#1 /Users/cgeek/Sites/fankui/framework/db/CDbConnection.php(309): CDbConnection->setActive(true)
#2 /Users/cgeek/Sites/fankui/framework/base/CModule.php(388): CDbConnection->init()
#3 /Users/cgeek/Sites/fankui/framework/base/CModule.php(104): CModule->getComponent('db')
#4 /Users/cgeek/Sites/fankui/framework/gii/generators/model/ModelCode.php(54): CModule->__get('db')
#5 /Users/cgeek/Sites/fankui/framework/web/CFormModel.php(40): ModelCode->init()
#6 /Users/cgeek/Sites/fankui/framework/gii/CCodeGenerator.php(152): CFormModel->__construct()
#7 /Users/cgeek/Sites/fankui/framework/gii/CCodeGenerator.php(64): CCodeGenerator->prepare()
#8 /Users/cgeek/Sites/fankui/framework/web/actions/CInlineAction.php(50): CCodeGenerator->actionIndex()
#9 /Users/cgeek/Sites/fankui/framework/web/CController.php(309): CInlineAction->runWithParams(Array)
#10 /Users/cgeek/Sites/fankui/framework/web/CController.php(287): CController->runAction(Object(CInlineAction))
#11 /Users/cgeek/Sites/fankui/framework/web/CController.php(266): CController->runActionWithFilters(Object(CInlineAction), Array)
#12 /Users/cgeek/Sites/fankui/framework/web/CWebApplication.php(276): CController->run('')
#13 /Users/cgeek/Sites/fankui/framework/web/CWebApplication.php(135): CWebApplication->runController('gii/model')
#14 /Users/cgeek/Sites/fankui/framework/base/CApplication.php(162): CWebApplication->processRequest()
#15 /Users/cgeek/Sites/fankui/WebRoot/index.php(13): CApplication->run()
#16 {main}
REQUEST_URI=/index.php?r=gii/model
HTTP_REFERER=http://fankui.cc/index.php?r=gii/default/index
---
2012/06/09 13:50:14 [error] [php] PDO::__construct(): [2002] Operation timed out (trying to connect via tcp://192.168.0.106:3306) (/Users/cgeek/Sites/fankui/framework/db/CDbConnection.php:422)
Stack trace:
#0 /Users/cgeek/Sites/fankui/framework/db/CDbConnection.php(331): CDbConnection->open()
#1 /Users/cgeek/Sites/fankui/framework/db/CDbConnection.php(309): CDbConnection->setActive()
#2 /Users/cgeek/Sites/fankui/framework/base/CModule.php(388): CDbConnection->init()
#3 /Users/cgeek/Sites/fankui/framework/base/CModule.php(104): CWebApplication->getComponent()
#4 /Users/cgeek/Sites/fankui/framework/gii/generators/model/ModelCode.php(54): CWebApplication->__get()
#5 /Users/cgeek/Sites/fankui/framework/web/CFormModel.php(40): ModelCode->init()
#6 /Users/cgeek/Sites/fankui/framework/gii/CCodeGenerator.php(152): ModelCode->__construct()
#7 /Users/cgeek/Sites/fankui/framework/gii/CCodeGenerator.php(64): ModelGenerator->prepare()
#8 /Users/cgeek/Sites/fankui/framework/web/actions/CInlineAction.php(50): ModelGenerator->actionIndex()
#9 /Users/cgeek/Sites/fankui/framework/web/CController.php(309): CInlineAction->runWithParams()
#10 /Users/cgeek/Sites/fankui/framework/web/CController.php(287): ModelGenerator->runAction()
#11 /Users/cgeek/Sites/fankui/framework/web/CController.php(266): ModelGenerator->runActionWithFilters()
#12 /Users/cgeek/Sites/fankui/framework/web/CWebApplication.php(276): ModelGenerator->run()
#13 /Users/cgeek/Sites/fankui/framework/web/CWebApplication.php(135): CWebApplication->runController()
#14 /Users/cgeek/Sites/fankui/framework/base/CApplication.php(162): CWebApplication->processRequest()
#15 /Users/cgeek/Sites/fankui/WebRoot/index.php(13): CWebApplication->run()
REQUEST_URI=/index.php?r=gii/model
in /Users/cgeek/Sites/fankui/WebRoot/index.php (13)
2012/06/10 16:38:45 [error] [exception.CHttpException.404] exception 'CHttpException' with message 'The system is unable to find the requested action "index".' in /Users/cgeek/Sites/fankui/framework/web/CController.php:484
Stack trace:
#0 /Users/cgeek/Sites/fankui/framework/web/CController.php(271): CController->missingAction('')
#1 /Users/cgeek/Sites/fankui/framework/web/CWebApplication.php(276): CController->run('')
#2 /Users/cgeek/Sites/fankui/framework/web/CWebApplication.php(135): CWebApplication->runController('Client')
#3 /Users/cgeek/Sites/fankui/framework/base/CApplication.php(162): CWebApplication->processRequest()
#4 /Users/cgeek/Sites/fankui/WebRoot/index.php(13): CApplication->run()
#5 {main}
REQUEST_URI=/index.php?r=Client
HTTP_REFERER=http://fankui.cc/index.php?r=gii/controller
---
2012/06/10 19:44:00 [error] [exception.CHttpException.404] exception 'CHttpException' with message 'Unable to resolve the request "images/logo.gif".' in /Users/cgeek/Sites/fankui/framework/web/CWebApplication.php:280
Stack trace:
#0 /Users/cgeek/Sites/fankui/framework/web/CWebApplication.php(135): CWebApplication->runController('images/logo.gif')
#1 /Users/cgeek/Sites/fankui/framework/base/CApplication.php(162): CWebApplication->processRequest()
#2 /Users/cgeek/Sites/fankui/WebRoot/index.php(13): CApplication->run()
#3 {main}
REQUEST_URI=/images/logo.gif
HTTP_REFERER=http://fankui.cc/
---
2012/06/10 19:44:00 [error] [exception.CHttpException.404] exception 'CHttpException' with message 'Unable to resolve the request "images/logo.gif".' in /Users/cgeek/Sites/fankui/framework/web/CWebApplication.php:280
Stack trace:
#0 /Users/cgeek/Sites/fankui/framework/web/CWebApplication.php(135): CWebApplication->runController('images/logo.gif')
#1 /Users/cgeek/Sites/fankui/framework/base/CApplication.php(162): CWebApplication->processRequest()
#2 /Users/cgeek/Sites/fankui/WebRoot/index.php(13): CApplication->run()
#3 {main}
REQUEST_URI=/images/logo.gif
HTTP_REFERER=http://fankui.cc/client/feedback?app_key=123
---
2012/06/10 19:44:00 [error] [exception.CHttpException.404] exception 'CHttpException' with message 'Unable to resolve the request "images/logo.gif".' in /Users/cgeek/Sites/fankui/framework/web/CWebApplication.php:280
Stack trace:
#0 /Users/cgeek/Sites/fankui/framework/web/CWebApplication.php(135): CWebApplication->runController('images/logo.gif')
#1 /Users/cgeek/Sites/fankui/framework/base/CApplication.php(162): CWebApplication->processRequest()
#2 /Users/cgeek/Sites/fankui/WebRoot/index.php(13): CApplication->run()
#3 {main}
REQUEST_URI=/images/logo.gif
HTTP_REFERER=http://fankui.cc/client/feedback?app_key=123
---
2012/06/10 19:44:01 [error] [exception.CHttpException.404] exception 'CHttpException' with message 'Unable to resolve the request "favicon.ico".' in /Users/cgeek/Sites/fankui/framework/web/CWebApplication.php:280
Stack trace:
#0 /Users/cgeek/Sites/fankui/framework/web/CWebApplication.php(135): CWebApplication->runController('favicon.ico')
#1 /Users/cgeek/Sites/fankui/framework/base/CApplication.php(162): CWebApplication->processRequest()
#2 /Users/cgeek/Sites/fankui/WebRoot/index.php(13): CApplication->run()
#3 {main}
REQUEST_URI=/favicon.ico
---
2012/06/10 19:44:01 [error] [exception.CHttpException.404] exception 'CHttpException' with message 'Unable to resolve the request "favicon.ico".' in /Users/cgeek/Sites/fankui/framework/web/CWebApplication.php:280
Stack trace:
#0 /Users/cgeek/Sites/fankui/framework/web/CWebApplication.php(135): CWebApplication->runController('favicon.ico')
#1 /Users/cgeek/Sites/fankui/framework/base/CApplication.php(162): CWebApplication->processRequest()
#2 /Users/cgeek/Sites/fankui/WebRoot/index.php(13): CApplication->run()
#3 {main}
REQUEST_URI=/favicon.ico
---
2012/06/10 19:44:08 [error] [exception.CHttpException.404] exception 'CHttpException' with message 'Unable to resolve the request "images/logo.gif".' in /Users/cgeek/Sites/fankui/framework/web/CWebApplication.php:280
Stack trace:
#0 /Users/cgeek/Sites/fankui/framework/web/CWebApplication.php(135): CWebApplication->runController('images/logo.gif')
#1 /Users/cgeek/Sites/fankui/framework/base/CApplication.php(162): CWebApplication->processRequest()
#2 /Users/cgeek/Sites/fankui/WebRoot/index.php(13): CApplication->run()
#3 {main}
REQUEST_URI=/images/logo.gif
HTTP_REFERER=http://fankui.cc/user/admin
---
2012/06/10 19:44:08 [error] [exception.CHttpException.404] exception 'CHttpException' with message 'Unable to resolve the request "images/logo.gif".' in /Users/cgeek/Sites/fankui/framework/web/CWebApplication.php:280
Stack trace:
#0 /Users/cgeek/Sites/fankui/framework/web/CWebApplication.php(135): CWebApplication->runController('images/logo.gif')
#1 /Users/cgeek/Sites/fankui/framework/base/CApplication.php(162): CWebApplication->processRequest()
#2 /Users/cgeek/Sites/fankui/WebRoot/index.php(13): CApplication->run()
#3 {main}
REQUEST_URI=/images/logo.gif
HTTP_REFERER=http://fankui.cc/client/feedback?app_key=123
---
2012/06/10 19:44:08 [error] [exception.CHttpException.404] exception 'CHttpException' with message 'Unable to resolve the request "favicon.ico".' in /Users/cgeek/Sites/fankui/framework/web/CWebApplication.php:280
Stack trace:
#0 /Users/cgeek/Sites/fankui/framework/web/CWebApplication.php(135): CWebApplication->runController('favicon.ico')
#1 /Users/cgeek/Sites/fankui/framework/base/CApplication.php(162): CWebApplication->processRequest()
#2 /Users/cgeek/Sites/fankui/WebRoot/index.php(13): CApplication->run()
#3 {main}
REQUEST_URI=/favicon.ico
---
2012/06/10 19:44:08 [error] [exception.CHttpException.404] exception 'CHttpException' with message 'Unable to resolve the request "favicon.ico".' in /Users/cgeek/Sites/fankui/framework/web/CWebApplication.php:280
Stack trace:
#0 /Users/cgeek/Sites/fankui/framework/web/CWebApplication.php(135): CWebApplication->runController('favicon.ico')
#1 /Users/cgeek/Sites/fankui/framework/base/CApplication.php(162): CWebApplication->processRequest()
#2 /Users/cgeek/Sites/fankui/WebRoot/index.php(13): CApplication->run()
#3 {main}
REQUEST_URI=/favicon.ico
---
2012/06/10 19:44:14 [error] [exception.CHttpException.404] exception 'CHttpException' with message 'Unable to resolve the request "images/logo.gif".' in /Users/cgeek/Sites/fankui/framework/web/CWebApplication.php:280
Stack trace:
#0 /Users/cgeek/Sites/fankui/framework/web/CWebApplication.php(135): CWebApplication->runController('images/logo.gif')
#1 /Users/cgeek/Sites/fankui/framework/base/CApplication.php(162): CWebApplication->processRequest()
#2 /Users/cgeek/Sites/fankui/WebRoot/index.php(13): CApplication->run()
#3 {main}
REQUEST_URI=/images/logo.gif
HTTP_REFERER=http://fankui.cc/user/admin
---
2012/06/10 19:44:14 [error] [exception.CHttpException.404] exception 'CHttpException' with message 'Unable to resolve the request "images/logo.gif".' in /Users/cgeek/Sites/fankui/framework/web/CWebApplication.php:280
Stack trace:
#0 /Users/cgeek/Sites/fankui/framework/web/CWebApplication.php(135): CWebApplication->runController('images/logo.gif')
#1 /Users/cgeek/Sites/fankui/framework/base/CApplication.php(162): CWebApplication->processRequest()
#2 /Users/cgeek/Sites/fankui/WebRoot/index.php(13): CApplication->run()
#3 {main}
REQUEST_URI=/images/logo.gif
HTTP_REFERER=http://fankui.cc/client/feedback?app_key=123
---
2012/06/10 19:44:14 [error] [exception.CHttpException.404] exception 'CHttpException' with message 'Unable to resolve the request "images/logo.gif".' in /Users/cgeek/Sites/fankui/framework/web/CWebApplication.php:280
Stack trace:
#0 /Users/cgeek/Sites/fankui/framework/web/CWebApplication.php(135): CWebApplication->runController('images/logo.gif')
#1 /Users/cgeek/Sites/fankui/framework/base/CApplication.php(162): CWebApplication->processRequest()
#2 /Users/cgeek/Sites/fankui/WebRoot/index.php(13): CApplication->run()
#3 {main}
REQUEST_URI=/images/logo.gif
HTTP_REFERER=http://fankui.cc/client/feedback?app_key=123
---
2012/06/10 19:44:14 [error] [exception.CHttpException.404] exception 'CHttpException' with message 'Unable to resolve the request "favicon.ico".' in /Users/cgeek/Sites/fankui/framework/web/CWebApplication.php:280
Stack trace:
#0 /Users/cgeek/Sites/fankui/framework/web/CWebApplication.php(135): CWebApplication->runController('favicon.ico')
#1 /Users/cgeek/Sites/fankui/framework/base/CApplication.php(162): CWebApplication->processRequest()
#2 /Users/cgeek/Sites/fankui/WebRoot/index.php(13): CApplication->run()
#3 {main}
REQUEST_URI=/favicon.ico
---
2012/06/10 19:44:14 [error] [exception.CHttpException.404] exception 'CHttpException' with message 'Unable to resolve the request "favicon.ico".' in /Users/cgeek/Sites/fankui/framework/web/CWebApplication.php:280
Stack trace:
#0 /Users/cgeek/Sites/fankui/framework/web/CWebApplication.php(135): CWebApplication->runController('favicon.ico')
#1 /Users/cgeek/Sites/fankui/framework/base/CApplication.php(162): CWebApplication->processRequest()
#2 /Users/cgeek/Sites/fankui/WebRoot/index.php(13): CApplication->run()
#3 {main}
REQUEST_URI=/favicon.ico
---
2012/06/10 19:44:21 [error] [exception.CHttpException.404] exception 'CHttpException' with message 'Unable to resolve the request "images/logo.gif".' in /Users/cgeek/Sites/fankui/framework/web/CWebApplication.php:280
Stack trace:
#0 /Users/cgeek/Sites/fankui/framework/web/CWebApplication.php(135): CWebApplication->runController('images/logo.gif')
#1 /Users/cgeek/Sites/fankui/framework/base/CApplication.php(162): CWebApplication->processRequest()
#2 /Users/cgeek/Sites/fankui/WebRoot/index.php(13): CApplication->run()
#3 {main}
REQUEST_URI=/images/logo.gif
HTTP_REFERER=http://fankui.cc/client/feedback
---
2012/06/10 19:44:21 [error] [exception.CHttpException.404] exception 'CHttpException' with message 'Unable to resolve the request "images/logo.gif".' in /Users/cgeek/Sites/fankui/framework/web/CWebApplication.php:280
Stack trace:
#0 /Users/cgeek/Sites/fankui/framework/web/CWebApplication.php(135): CWebApplication->runController('images/logo.gif')
#1 /Users/cgeek/Sites/fankui/framework/base/CApplication.php(162): CWebApplication->processRequest()
#2 /Users/cgeek/Sites/fankui/WebRoot/index.php(13): CApplication->run()
#3 {main}
REQUEST_URI=/images/logo.gif
HTTP_REFERER=http://fankui.cc/client/feedback?app_key=123
---
2012/06/10 19:44:21 [error] [exception.CHttpException.404] exception 'CHttpException' with message 'Unable to resolve the request "favicon.ico".' in /Users/cgeek/Sites/fankui/framework/web/CWebApplication.php:280
Stack trace:
#0 /Users/cgeek/Sites/fankui/framework/web/CWebApplication.php(135): CWebApplication->runController('favicon.ico')
#1 /Users/cgeek/Sites/fankui/framework/base/CApplication.php(162): CWebApplication->processRequest()
#2 /Users/cgeek/Sites/fankui/WebRoot/index.php(13): CApplication->run()
#3 {main}
REQUEST_URI=/favicon.ico
---
2012/06/10 19:44:21 [error] [exception.CHttpException.404] exception 'CHttpException' with message 'Unable to resolve the request "favicon.ico".' in /Users/cgeek/Sites/fankui/framework/web/CWebApplication.php:280
Stack trace:
#0 /Users/cgeek/Sites/fankui/framework/web/CWebApplication.php(135): CWebApplication->runController('favicon.ico')
#1 /Users/cgeek/Sites/fankui/framework/base/CApplication.php(162): CWebApplication->processRequest()
#2 /Users/cgeek/Sites/fankui/WebRoot/index.php(13): CApplication->run()
#3 {main}
REQUEST_URI=/favicon.ico
---
2012/06/10 19:44:35 [error] [exception.CHttpException.404] exception 'CHttpException' with message 'Unable to resolve the request "images/logo.gif".' in /Users/cgeek/Sites/fankui/framework/web/CWebApplication.php:280
Stack trace:
#0 /Users/cgeek/Sites/fankui/framework/web/CWebApplication.php(135): CWebApplication->runController('images/logo.gif')
#1 /Users/cgeek/Sites/fankui/framework/base/CApplication.php(162): CWebApplication->processRequest()
#2 /Users/cgeek/Sites/fankui/WebRoot/index.php(13): CApplication->run()
#3 {main}
REQUEST_URI=/images/logo.gif
HTTP_REFERER=http://fankui.cc/client/feedback
---
2012/06/10 19:44:35 [error] [exception.CHttpException.404] exception 'CHttpException' with message 'Unable to resolve the request "images/logo.gif".' in /Users/cgeek/Sites/fankui/framework/web/CWebApplication.php:280
Stack trace:
#0 /Users/cgeek/Sites/fankui/framework/web/CWebApplication.php(135): CWebApplication->runController('images/logo.gif')
#1 /Users/cgeek/Sites/fankui/framework/base/CApplication.php(162): CWebApplication->processRequest()
#2 /Users/cgeek/Sites/fankui/WebRoot/index.php(13): CApplication->run()
#3 {main}
REQUEST_URI=/images/logo.gif
HTTP_REFERER=http://fankui.cc/client/feedback?app_key=123
---
2012/06/10 19:44:35 [error] [exception.CHttpException.404] exception 'CHttpException' with message 'Unable to resolve the request "images/logo.gif".' in /Users/cgeek/Sites/fankui/framework/web/CWebApplication.php:280
Stack trace:
#0 /Users/cgeek/Sites/fankui/framework/web/CWebApplication.php(135): CWebApplication->runController('images/logo.gif')
#1 /Users/cgeek/Sites/fankui/framework/base/CApplication.php(162): CWebApplication->processRequest()
#2 /Users/cgeek/Sites/fankui/WebRoot/index.php(13): CApplication->run()
#3 {main}
REQUEST_URI=/images/logo.gif
HTTP_REFERER=http://fankui.cc/client/feedback?app_key=123
---
2012/06/10 19:44:35 [error] [exception.CHttpException.404] exception 'CHttpException' with message 'Unable to resolve the request "favicon.ico".' in /Users/cgeek/Sites/fankui/framework/web/CWebApplication.php:280
Stack trace:
#0 /Users/cgeek/Sites/fankui/framework/web/CWebApplication.php(135): CWebApplication->runController('favicon.ico')
#1 /Users/cgeek/Sites/fankui/framework/base/CApplication.php(162): CWebApplication->processRequest()
#2 /Users/cgeek/Sites/fankui/WebRoot/index.php(13): CApplication->run()
#3 {main}
REQUEST_URI=/favicon.ico
---
2012/06/10 19:44:35 [error] [exception.CHttpException.404] exception 'CHttpException' with message 'Unable to resolve the request "favicon.ico".' in /Users/cgeek/Sites/fankui/framework/web/CWebApplication.php:280
Stack trace:
#0 /Users/cgeek/Sites/fankui/framework/web/CWebApplication.php(135): CWebApplication->runController('favicon.ico')
#1 /Users/cgeek/Sites/fankui/framework/base/CApplication.php(162): CWebApplication->processRequest()
#2 /Users/cgeek/Sites/fankui/WebRoot/index.php(13): CApplication->run()
#3 {main}
REQUEST_URI=/favicon.ico
---
2012/06/10 19:44:40 [error] [exception.CHttpException.404] exception 'CHttpException' with message 'Unable to resolve the request "images/logo.gif".' in /Users/cgeek/Sites/fankui/framework/web/CWebApplication.php:280
Stack trace:
#0 /Users/cgeek/Sites/fankui/framework/web/CWebApplication.php(135): CWebApplication->runController('images/logo.gif')
#1 /Users/cgeek/Sites/fankui/framework/base/CApplication.php(162): CWebApplication->processRequest()
#2 /Users/cgeek/Sites/fankui/WebRoot/index.php(13): CApplication->run()
#3 {main}
REQUEST_URI=/images/logo.gif
HTTP_REFERER=http://fankui.cc/client/feedback
---
2012/06/10 19:44:40 [error] [exception.CHttpException.404] exception 'CHttpException' with message 'Unable to resolve the request "images/logo.gif".' in /Users/cgeek/Sites/fankui/framework/web/CWebApplication.php:280
Stack trace:
#0 /Users/cgeek/Sites/fankui/framework/web/CWebApplication.php(135): CWebApplication->runController('images/logo.gif')
#1 /Users/cgeek/Sites/fankui/framework/base/CApplication.php(162): CWebApplication->processRequest()
#2 /Users/cgeek/Sites/fankui/WebRoot/index.php(13): CApplication->run()
#3 {main}
REQUEST_URI=/images/logo.gif
HTTP_REFERER=http://fankui.cc/client/feedback?app_key=123
---
2012/06/10 19:44:40 [error] [exception.CHttpException.404] exception 'CHttpException' with message 'Unable to resolve the request "favicon.ico".' in /Users/cgeek/Sites/fankui/framework/web/CWebApplication.php:280
Stack trace:
#0 /Users/cgeek/Sites/fankui/framework/web/CWebApplication.php(135): CWebApplication->runController('favicon.ico')
#1 /Users/cgeek/Sites/fankui/framework/base/CApplication.php(162): CWebApplication->processRequest()
#2 /Users/cgeek/Sites/fankui/WebRoot/index.php(13): CApplication->run()
#3 {main}
REQUEST_URI=/favicon.ico
---
2012/06/10 19:44:40 [error] [exception.CHttpException.404] exception 'CHttpException' with message 'Unable to resolve the request "favicon.ico".' in /Users/cgeek/Sites/fankui/framework/web/CWebApplication.php:280
Stack trace:
#0 /Users/cgeek/Sites/fankui/framework/web/CWebApplication.php(135): CWebApplication->runController('favicon.ico')
#1 /Users/cgeek/Sites/fankui/framework/base/CApplication.php(162): CWebApplication->processRequest()
#2 /Users/cgeek/Sites/fankui/WebRoot/index.php(13): CApplication->run()
#3 {main}
REQUEST_URI=/favicon.ico
---
2012/06/10 19:44:43 [error] [exception.CHttpException.404] exception 'CHttpException' with message 'Unable to resolve the request "images/logo.gif".' in /Users/cgeek/Sites/fankui/framework/web/CWebApplication.php:280
Stack trace:
#0 /Users/cgeek/Sites/fankui/framework/web/CWebApplication.php(135): CWebApplication->runController('images/logo.gif')
#1 /Users/cgeek/Sites/fankui/framework/base/CApplication.php(162): CWebApplication->processRequest()
#2 /Users/cgeek/Sites/fankui/WebRoot/index.php(13): CApplication->run()
#3 {main}
REQUEST_URI=/images/logo.gif
HTTP_REFERER=http://fankui.cc/client/feedback
---
2012/06/10 19:44:43 [error] [exception.CHttpException.404] exception 'CHttpException' with message 'Unable to resolve the request "images/logo.gif".' in /Users/cgeek/Sites/fankui/framework/web/CWebApplication.php:280
Stack trace:
#0 /Users/cgeek/Sites/fankui/framework/web/CWebApplication.php(135): CWebApplication->runController('images/logo.gif')
#1 /Users/cgeek/Sites/fankui/framework/base/CApplication.php(162): CWebApplication->processRequest()
#2 /Users/cgeek/Sites/fankui/WebRoot/index.php(13): CApplication->run()
#3 {main}
REQUEST_URI=/images/logo.gif
HTTP_REFERER=http://fankui.cc/client/feedback?app_key=123
---
2012/06/10 19:44:43 [error] [exception.CHttpException.404] exception 'CHttpException' with message 'Unable to resolve the request "images/logo.gif".' in /Users/cgeek/Sites/fankui/framework/web/CWebApplication.php:280
Stack trace:
#0 /Users/cgeek/Sites/fankui/framework/web/CWebApplication.php(135): CWebApplication->runController('images/logo.gif')
#1 /Users/cgeek/Sites/fankui/framework/base/CApplication.php(162): CWebApplication->processRequest()
#2 /Users/cgeek/Sites/fankui/WebRoot/index.php(13): CApplication->run()
#3 {main}
REQUEST_URI=/images/logo.gif
HTTP_REFERER=http://fankui.cc/client/feedback?app_key=123
---
2012/06/10 19:44:43 [error] [exception.CHttpException.404] exception 'CHttpException' with message 'Unable to resolve the request "favicon.ico".' in /Users/cgeek/Sites/fankui/framework/web/CWebApplication.php:280
Stack trace:
#0 /Users/cgeek/Sites/fankui/framework/web/CWebApplication.php(135): CWebApplication->runController('favicon.ico')
#1 /Users/cgeek/Sites/fankui/framework/base/CApplication.php(162): CWebApplication->processRequest()
#2 /Users/cgeek/Sites/fankui/WebRoot/index.php(13): CApplication->run()
#3 {main}
REQUEST_URI=/favicon.ico
---
2012/06/10 19:44:43 [error] [exception.CHttpException.404] exception 'CHttpException' with message 'Unable to resolve the request "favicon.ico".' in /Users/cgeek/Sites/fankui/framework/web/CWebApplication.php:280
Stack trace:
#0 /Users/cgeek/Sites/fankui/framework/web/CWebApplication.php(135): CWebApplication->runController('favicon.ico')
#1 /Users/cgeek/Sites/fankui/framework/base/CApplication.php(162): CWebApplication->processRequest()
#2 /Users/cgeek/Sites/fankui/WebRoot/index.php(13): CApplication->run()
#3 {main}
REQUEST_URI=/favicon.ico
---
2012/06/10 19:44:43 [error] [exception.CHttpException.404] exception 'CHttpException' with message 'Unable to resolve the request "images/logo.gif".' in /Users/cgeek/Sites/fankui/framework/web/CWebApplication.php:280
Stack trace:
#0 /Users/cgeek/Sites/fankui/framework/web/CWebApplication.php(135): CWebApplication->runController('images/logo.gif')
#1 /Users/cgeek/Sites/fankui/framework/base/CApplication.php(162): CWebApplication->processRequest()
#2 /Users/cgeek/Sites/fankui/WebRoot/index.php(13): CApplication->run()
#3 {main}
REQUEST_URI=/images/logo.gif
HTTP_REFERER=http://fankui.cc/client/feedback
---
2012/06/10 19:44:43 [error] [exception.CHttpException.404] exception 'CHttpException' with message 'Unable to resolve the request "images/logo.gif".' in /Users/cgeek/Sites/fankui/framework/web/CWebApplication.php:280
Stack trace:
#0 /Users/cgeek/Sites/fankui/framework/web/CWebApplication.php(135): CWebApplication->runController('images/logo.gif')
#1 /Users/cgeek/Sites/fankui/framework/base/CApplication.php(162): CWebApplication->processRequest()
#2 /Users/cgeek/Sites/fankui/WebRoot/index.php(13): CApplication->run()
#3 {main}
REQUEST_URI=/images/logo.gif
HTTP_REFERER=http://fankui.cc/client/feedback?app_key=123
---
2012/06/10 19:44:43 [error] [exception.CHttpException.404] exception 'CHttpException' with message 'Unable to resolve the request "images/logo.gif".' in /Users/cgeek/Sites/fankui/framework/web/CWebApplication.php:280
Stack trace:
#0 /Users/cgeek/Sites/fankui/framework/web/CWebApplication.php(135): CWebApplication->runController('images/logo.gif')
#1 /Users/cgeek/Sites/fankui/framework/base/CApplication.php(162): CWebApplication->processRequest()
#2 /Users/cgeek/Sites/fankui/WebRoot/index.php(13): CApplication->run()
#3 {main}
REQUEST_URI=/images/logo.gif
HTTP_REFERER=http://fankui.cc/client/feedback?app_key=123
---
2012/06/10 19:44:44 [error] [exception.CHttpException.404] exception 'CHttpException' with message 'Unable to resolve the request "favicon.ico".' in /Users/cgeek/Sites/fankui/framework/web/CWebApplication.php:280
Stack trace:
#0 /Users/cgeek/Sites/fankui/framework/web/CWebApplication.php(135): CWebApplication->runController('favicon.ico')
#1 /Users/cgeek/Sites/fankui/framework/base/CApplication.php(162): CWebApplication->processRequest()
#2 /Users/cgeek/Sites/fankui/WebRoot/index.php(13): CApplication->run()
#3 {main}
REQUEST_URI=/favicon.ico
---
2012/06/10 19:44:44 [error] [exception.CHttpException.404] exception 'CHttpException' with message 'Unable to resolve the request "favicon.ico".' in /Users/cgeek/Sites/fankui/framework/web/CWebApplication.php:280
Stack trace:
#0 /Users/cgeek/Sites/fankui/framework/web/CWebApplication.php(135): CWebApplication->runController('favicon.ico')
#1 /Users/cgeek/Sites/fankui/framework/base/CApplication.php(162): CWebApplication->processRequest()
#2 /Users/cgeek/Sites/fankui/WebRoot/index.php(13): CApplication->run()
#3 {main}
REQUEST_URI=/favicon.ico
---
2012/06/10 19:44:44 [error] [exception.CHttpException.404] exception 'CHttpException' with message 'Unable to resolve the request "images/logo.gif".' in /Users/cgeek/Sites/fankui/framework/web/CWebApplication.php:280
Stack trace:
#0 /Users/cgeek/Sites/fankui/framework/web/CWebApplication.php(135): CWebApplication->runController('images/logo.gif')
#1 /Users/cgeek/Sites/fankui/framework/base/CApplication.php(162): CWebApplication->processRequest()
#2 /Users/cgeek/Sites/fankui/WebRoot/index.php(13): CApplication->run()
#3 {main}
REQUEST_URI=/images/logo.gif
HTTP_REFERER=http://fankui.cc/client/feedback
---
2012/06/10 19:44:44 [error] [exception.CHttpException.404] exception 'CHttpException' with message 'Unable to resolve the request "images/logo.gif".' in /Users/cgeek/Sites/fankui/framework/web/CWebApplication.php:280
Stack trace:
#0 /Users/cgeek/Sites/fankui/framework/web/CWebApplication.php(135): CWebApplication->runController('images/logo.gif')
#1 /Users/cgeek/Sites/fankui/framework/base/CApplication.php(162): CWebApplication->processRequest()
#2 /Users/cgeek/Sites/fankui/WebRoot/index.php(13): CApplication->run()
#3 {main}
REQUEST_URI=/images/logo.gif
HTTP_REFERER=http://fankui.cc/client/feedback?app_key=123
---
2012/06/10 19:44:44 [error] [exception.CHttpException.404] exception 'CHttpException' with message 'Unable to resolve the request "images/logo.gif".' in /Users/cgeek/Sites/fankui/framework/web/CWebApplication.php:280
Stack trace:
#0 /Users/cgeek/Sites/fankui/framework/web/CWebApplication.php(135): CWebApplication->runController('images/logo.gif')
#1 /Users/cgeek/Sites/fankui/framework/base/CApplication.php(162): CWebApplication->processRequest()
#2 /Users/cgeek/Sites/fankui/WebRoot/index.php(13): CApplication->run()
#3 {main}
REQUEST_URI=/images/logo.gif
HTTP_REFERER=http://fankui.cc/client/feedback?app_key=123
---
2012/06/10 19:44:44 [error] [exception.CHttpException.404] exception 'CHttpException' with message 'Unable to resolve the request "favicon.ico".' in /Users/cgeek/Sites/fankui/framework/web/CWebApplication.php:280
Stack trace:
#0 /Users/cgeek/Sites/fankui/framework/web/CWebApplication.php(135): CWebApplication->runController('favicon.ico')
#1 /Users/cgeek/Sites/fankui/framework/base/CApplication.php(162): CWebApplication->processRequest()
#2 /Users/cgeek/Sites/fankui/WebRoot/index.php(13): CApplication->run()
#3 {main}
REQUEST_URI=/favicon.ico
---
2012/06/10 19:44:44 [error] [exception.CHttpException.404] exception 'CHttpException' with message 'Unable to resolve the request "favicon.ico".' in /Users/cgeek/Sites/fankui/framework/web/CWebApplication.php:280
Stack trace:
#0 /Users/cgeek/Sites/fankui/framework/web/CWebApplication.php(135): CWebApplication->runController('favicon.ico')
#1 /Users/cgeek/Sites/fankui/framework/base/CApplication.php(162): CWebApplication->processRequest()
#2 /Users/cgeek/Sites/fankui/WebRoot/index.php(13): CApplication->run()
#3 {main}
REQUEST_URI=/favicon.ico
---
2012/06/10 19:44:50 [error] [exception.CHttpException.404] exception 'CHttpException' with message 'Unable to resolve the request "images/logo.gif".' in /Users/cgeek/Sites/fankui/framework/web/CWebApplication.php:280
Stack trace:
#0 /Users/cgeek/Sites/fankui/framework/web/CWebApplication.php(135): CWebApplication->runController('images/logo.gif')
#1 /Users/cgeek/Sites/fankui/framework/base/CApplication.php(162): CWebApplication->processRequest()
#2 /Users/cgeek/Sites/fankui/WebRoot/index.php(13): CApplication->run()
#3 {main}
REQUEST_URI=/images/logo.gif
HTTP_REFERER=http://fankui.cc/client/feedback
---
2012/06/10 19:44:51 [error] [exception.CHttpException.404] exception 'CHttpException' with message 'Unable to resolve the request "images/logo.gif".' in /Users/cgeek/Sites/fankui/framework/web/CWebApplication.php:280
Stack trace:
#0 /Users/cgeek/Sites/fankui/framework/web/CWebApplication.php(135): CWebApplication->runController('images/logo.gif')
#1 /Users/cgeek/Sites/fankui/framework/base/CApplication.php(162): CWebApplication->processRequest()
#2 /Users/cgeek/Sites/fankui/WebRoot/index.php(13): CApplication->run()
#3 {main}
REQUEST_URI=/images/logo.gif
HTTP_REFERER=http://fankui.cc/client/feedback?app_key=123
---
2012/06/10 19:44:51 [error] [exception.CHttpException.404] exception 'CHttpException' with message 'Unable to resolve the request "images/logo.gif".' in /Users/cgeek/Sites/fankui/framework/web/CWebApplication.php:280
Stack trace:
#0 /Users/cgeek/Sites/fankui/framework/web/CWebApplication.php(135): CWebApplication->runController('images/logo.gif')
#1 /Users/cgeek/Sites/fankui/framework/base/CApplication.php(162): CWebApplication->processRequest()
#2 /Users/cgeek/Sites/fankui/WebRoot/index.php(13): CApplication->run()
#3 {main}
REQUEST_URI=/images/logo.gif
HTTP_REFERER=http://fankui.cc/client/feedback?app_key=123
---
2012/06/10 19:44:51 [error] [exception.CHttpException.404] exception 'CHttpException' with message 'Unable to resolve the request "favicon.ico".' in /Users/cgeek/Sites/fankui/framework/web/CWebApplication.php:280
Stack trace:
#0 /Users/cgeek/Sites/fankui/framework/web/CWebApplication.php(135): CWebApplication->runController('favicon.ico')
#1 /Users/cgeek/Sites/fankui/framework/base/CApplication.php(162): CWebApplication->processRequest()
#2 /Users/cgeek/Sites/fankui/WebRoot/index.php(13): CApplication->run()
#3 {main}
REQUEST_URI=/favicon.ico
---
2012/06/10 19:44:51 [error] [exception.CHttpException.404] exception 'CHttpException' with message 'Unable to resolve the request "favicon.ico".' in /Users/cgeek/Sites/fankui/framework/web/CWebApplication.php:280
Stack trace:
#0 /Users/cgeek/Sites/fankui/framework/web/CWebApplication.php(135): CWebApplication->runController('favicon.ico')
#1 /Users/cgeek/Sites/fankui/framework/base/CApplication.php(162): CWebApplication->processRequest()
#2 /Users/cgeek/Sites/fankui/WebRoot/index.php(13): CApplication->run()
#3 {main}
REQUEST_URI=/favicon.ico
---
2012/06/10 19:44:56 [error] [exception.CHttpException.404] exception 'CHttpException' with message 'Unable to resolve the request "images/logo.gif".' in /Users/cgeek/Sites/fankui/framework/web/CWebApplication.php:280
Stack trace:
#0 /Users/cgeek/Sites/fankui/framework/web/CWebApplication.php(135): CWebApplication->runController('images/logo.gif')
#1 /Users/cgeek/Sites/fankui/framework/base/CApplication.php(162): CWebApplication->processRequest()
#2 /Users/cgeek/Sites/fankui/WebRoot/index.php(13): CApplication->run()
#3 {main}
REQUEST_URI=/images/logo.gif
HTTP_REFERER=http://fankui.cc/user
---
2012/06/10 19:44:56 [error] [exception.CHttpException.404] exception 'CHttpException' with message 'Unable to resolve the request "images/logo.gif".' in /Users/cgeek/Sites/fankui/framework/web/CWebApplication.php:280
Stack trace:
#0 /Users/cgeek/Sites/fankui/framework/web/CWebApplication.php(135): CWebApplication->runController('images/logo.gif')
#1 /Users/cgeek/Sites/fankui/framework/base/CApplication.php(162): CWebApplication->processRequest()
#2 /Users/cgeek/Sites/fankui/WebRoot/index.php(13): CApplication->run()
#3 {main}
REQUEST_URI=/images/logo.gif
HTTP_REFERER=http://fankui.cc/client/feedback?app_key=123
---
2012/06/10 19:44:56 [error] [exception.CHttpException.404] exception 'CHttpException' with message 'Unable to resolve the request "favicon.ico".' in /Users/cgeek/Sites/fankui/framework/web/CWebApplication.php:280
Stack trace:
#0 /Users/cgeek/Sites/fankui/framework/web/CWebApplication.php(135): CWebApplication->runController('favicon.ico')
#1 /Users/cgeek/Sites/fankui/framework/base/CApplication.php(162): CWebApplication->processRequest()
#2 /Users/cgeek/Sites/fankui/WebRoot/index.php(13): CApplication->run()
#3 {main}
REQUEST_URI=/favicon.ico
---
2012/06/10 19:44:56 [error] [exception.CHttpException.404] exception 'CHttpException' with message 'Unable to resolve the request "favicon.ico".' in /Users/cgeek/Sites/fankui/framework/web/CWebApplication.php:280
Stack trace:
#0 /Users/cgeek/Sites/fankui/framework/web/CWebApplication.php(135): CWebApplication->runController('favicon.ico')
#1 /Users/cgeek/Sites/fankui/framework/base/CApplication.php(162): CWebApplication->processRequest()
#2 /Users/cgeek/Sites/fankui/WebRoot/index.php(13): CApplication->run()
#3 {main}
REQUEST_URI=/favicon.ico
---
2012/06/10 19:51:52 [error] [exception.CHttpException.404] exception 'CHttpException' with message 'Unable to resolve the request "images/logo.gif".' in /Users/cgeek/Sites/fankui/framework/web/CWebApplication.php:280
Stack trace:
#0 /Users/cgeek/Sites/fankui/framework/web/CWebApplication.php(135): CWebApplication->runController('images/logo.gif')
#1 /Users/cgeek/Sites/fankui/framework/base/CApplication.php(162): CWebApplication->processRequest()
#2 /Users/cgeek/Sites/fankui/WebRoot/index.php(13): CApplication->run()
#3 {main}
REQUEST_URI=/images/logo.gif
HTTP_REFERER=http://fankui.cc/
---
2012/06/10 19:51:52 [error] [exception.CHttpException.404] exception 'CHttpException' with message 'Unable to resolve the request "images/active_nav_tr.gif".' in /Users/cgeek/Sites/fankui/framework/web/CWebApplication.php:280
Stack trace:
#0 /Users/cgeek/Sites/fankui/framework/web/CWebApplication.php(135): CWebApplication->runController('images/active_n...')
#1 /Users/cgeek/Sites/fankui/framework/base/CApplication.php(162): CWebApplication->processRequest()
#2 /Users/cgeek/Sites/fankui/WebRoot/index.php(13): CApplication->run()
#3 {main}
REQUEST_URI=/images/active_nav_tr.gif
HTTP_REFERER=http://fankui.cc/
---
2012/06/10 19:51:52 [error] [exception.CHttpException.404] exception 'CHttpException' with message 'Unable to resolve the request "images/logo.gif".' in /Users/cgeek/Sites/fankui/framework/web/CWebApplication.php:280
Stack trace:
#0 /Users/cgeek/Sites/fankui/framework/web/CWebApplication.php(135): CWebApplication->runController('images/logo.gif')
#1 /Users/cgeek/Sites/fankui/framework/base/CApplication.php(162): CWebApplication->processRequest()
#2 /Users/cgeek/Sites/fankui/WebRoot/index.php(13): CApplication->run()
#3 {main}
REQUEST_URI=/images/logo.gif
HTTP_REFERER=http://fankui.cc/client/feedback?app_key=123
---
2012/06/10 19:51:52 [error] [exception.CHttpException.404] exception 'CHttpException' with message 'Unable to resolve the request "images/logo.gif".' in /Users/cgeek/Sites/fankui/framework/web/CWebApplication.php:280
Stack trace:
#0 /Users/cgeek/Sites/fankui/framework/web/CWebApplication.php(135): CWebApplication->runController('images/logo.gif')
#1 /Users/cgeek/Sites/fankui/framework/base/CApplication.php(162): CWebApplication->processRequest()
#2 /Users/cgeek/Sites/fankui/WebRoot/index.php(13): CApplication->run()
#3 {main}
REQUEST_URI=/images/logo.gif
HTTP_REFERER=http://fankui.cc/client/feedback?app_key=123
---
2012/06/10 19:51:52 [error] [exception.CHttpException.404] exception 'CHttpException' with message 'Unable to resolve the request "favicon.ico".' in /Users/cgeek/Sites/fankui/framework/web/CWebApplication.php:280
Stack trace:
#0 /Users/cgeek/Sites/fankui/framework/web/CWebApplication.php(135): CWebApplication->runController('favicon.ico')
#1 /Users/cgeek/Sites/fankui/framework/base/CApplication.php(162): CWebApplication->processRequest()
#2 /Users/cgeek/Sites/fankui/WebRoot/index.php(13): CApplication->run()
#3 {main}
REQUEST_URI=/favicon.ico
---
2012/06/10 19:51:56 [error] [exception.CHttpException.403] exception 'CHttpException' with message 'You are not authorized to perform this action.' in /Users/cgeek/Sites/fankui/framework/web/auth/CAccessControlFilter.php:157
Stack trace:
#0 /Users/cgeek/Sites/fankui/framework/web/auth/CAccessControlFilter.php(120): CAccessControlFilter->accessDenied(Object(CWebUser), 'You are not aut...')
#1 /Users/cgeek/Sites/fankui/framework/web/filters/CFilter.php(39): CAccessControlFilter->preFilter(Object(CFilterChain))
#2 /Users/cgeek/Sites/fankui/framework/web/CController.php(1146): CFilter->filter(Object(CFilterChain))
#3 /Users/cgeek/Sites/fankui/framework/web/filters/CInlineFilter.php(59): CController->filterAccessControl(Object(CFilterChain))
#4 /Users/cgeek/Sites/fankui/framework/web/filters/CFilterChain.php(131): CInlineFilter->filter(Object(CFilterChain))
#5 /Users/cgeek/Sites/fankui/framework/web/CController.php(292): CFilterChain->run()
#6 /Users/cgeek/Sites/fankui/framework/web/CController.php(266): CController->runActionWithFilters(Object(CInlineAction), Array)
#7 /Users/cgeek/Sites/fankui/framework/web/CWebApplication.php(276): CController->run('register')
#8 /Users/cgeek/Sites/fankui/framework/web/CWebApplication.php(135): CWebApplication->runController('user/register')
#9 /Users/cgeek/Sites/fankui/framework/base/CApplication.php(162): CWebApplication->processRequest()
#10 /Users/cgeek/Sites/fankui/WebRoot/index.php(13): CApplication->run()
#11 {main}
REQUEST_URI=/user/register
HTTP_REFERER=http://fankui.cc/
---
2012/06/10 19:51:56 [error] [exception.CHttpException.404] exception 'CHttpException' with message 'Unable to resolve the request "images/logo.gif".' in /Users/cgeek/Sites/fankui/framework/web/CWebApplication.php:280
Stack trace:
#0 /Users/cgeek/Sites/fankui/framework/web/CWebApplication.php(135): CWebApplication->runController('images/logo.gif')
#1 /Users/cgeek/Sites/fankui/framework/base/CApplication.php(162): CWebApplication->processRequest()
#2 /Users/cgeek/Sites/fankui/WebRoot/index.php(13): CApplication->run()
#3 {main}
REQUEST_URI=/images/logo.gif
HTTP_REFERER=http://fankui.cc/user/register
---
2012/06/10 19:51:56 [error] [exception.CHttpException.404] exception 'CHttpException' with message 'Unable to resolve the request "images/active_nav_tr.gif".' in /Users/cgeek/Sites/fankui/framework/web/CWebApplication.php:280
Stack trace:
#0 /Users/cgeek/Sites/fankui/framework/web/CWebApplication.php(135): CWebApplication->runController('images/active_n...')
#1 /Users/cgeek/Sites/fankui/framework/base/CApplication.php(162): CWebApplication->processRequest()
#2 /Users/cgeek/Sites/fankui/WebRoot/index.php(13): CApplication->run()
#3 {main}
REQUEST_URI=/images/active_nav_tr.gif
HTTP_REFERER=http://fankui.cc/user/register
---
2012/06/10 19:51:56 [error] [exception.CHttpException.404] exception 'CHttpException' with message 'Unable to resolve the request "images/logo.gif".' in /Users/cgeek/Sites/fankui/framework/web/CWebApplication.php:280
Stack trace:
#0 /Users/cgeek/Sites/fankui/framework/web/CWebApplication.php(135): CWebApplication->runController('images/logo.gif')
#1 /Users/cgeek/Sites/fankui/framework/base/CApplication.php(162): CWebApplication->processRequest()
#2 /Users/cgeek/Sites/fankui/WebRoot/index.php(13): CApplication->run()
#3 {main}
REQUEST_URI=/images/logo.gif
HTTP_REFERER=http://fankui.cc/client/feedback?app_key=123
---
2012/06/10 19:51:56 [error] [exception.CHttpException.404] exception 'CHttpException' with message 'Unable to resolve the request "images/active_nav_tr.gif".' in /Users/cgeek/Sites/fankui/framework/web/CWebApplication.php:280
Stack trace:
#0 /Users/cgeek/Sites/fankui/framework/web/CWebApplication.php(135): CWebApplication->runController('images/active_n...')
#1 /Users/cgeek/Sites/fankui/framework/base/CApplication.php(162): CWebApplication->processRequest()
#2 /Users/cgeek/Sites/fankui/WebRoot/index.php(13): CApplication->run()
#3 {main}
REQUEST_URI=/images/active_nav_tr.gif
HTTP_REFERER=http://fankui.cc/client/feedback?app_key=123
---
2012/06/10 19:51:56 [error] [exception.CHttpException.404] exception 'CHttpException' with message 'Unable to resolve the request "images/logo.gif".' in /Users/cgeek/Sites/fankui/framework/web/CWebApplication.php:280
Stack trace:
#0 /Users/cgeek/Sites/fankui/framework/web/CWebApplication.php(135): CWebApplication->runController('images/logo.gif')
#1 /Users/cgeek/Sites/fankui/framework/base/CApplication.php(162): CWebApplication->processRequest()
#2 /Users/cgeek/Sites/fankui/WebRoot/index.php(13): CApplication->run()
#3 {main}
REQUEST_URI=/images/logo.gif
HTTP_REFERER=http://fankui.cc/client/feedback?app_key=123
---
2012/06/10 19:51:56 [error] [exception.CHttpException.404] exception 'CHttpException' with message 'Unable to resolve the request "favicon.ico".' in /Users/cgeek/Sites/fankui/framework/web/CWebApplication.php:280
Stack trace:
#0 /Users/cgeek/Sites/fankui/framework/web/CWebApplication.php(135): CWebApplication->runController('favicon.ico')
#1 /Users/cgeek/Sites/fankui/framework/base/CApplication.php(162): CWebApplication->processRequest()
#2 /Users/cgeek/Sites/fankui/WebRoot/index.php(13): CApplication->run()
#3 {main}
REQUEST_URI=/favicon.ico
---
2012/06/10 19:51:56 [error] [exception.CHttpException.404] exception 'CHttpException' with message 'Unable to resolve the request "favicon.ico".' in /Users/cgeek/Sites/fankui/framework/web/CWebApplication.php:280
Stack trace:
#0 /Users/cgeek/Sites/fankui/framework/web/CWebApplication.php(135): CWebApplication->runController('favicon.ico')
#1 /Users/cgeek/Sites/fankui/framework/base/CApplication.php(162): CWebApplication->processRequest()
#2 /Users/cgeek/Sites/fankui/WebRoot/index.php(13): CApplication->run()
#3 {main}
REQUEST_URI=/favicon.ico
---
2012/06/10 19:52:28 [error] [exception.CHttpException.404] exception 'CHttpException' with message 'Unable to resolve the request "images/logo.gif".' in /Users/cgeek/Sites/fankui/framework/web/CWebApplication.php:280
Stack trace:
#0 /Users/cgeek/Sites/fankui/framework/web/CWebApplication.php(135): CWebApplication->runController('images/logo.gif')
#1 /Users/cgeek/Sites/fankui/framework/base/CApplication.php(162): CWebApplication->processRequest()
#2 /Users/cgeek/Sites/fankui/WebRoot/index.php(13): CApplication->run()
#3 {main}
REQUEST_URI=/images/logo.gif
HTTP_REFERER=http://fankui.cc/user/register
---
2012/06/10 19:52:28 [error] [exception.CHttpException.404] exception 'CHttpException' with message 'Unable to resolve the request "images/logo.gif".' in /Users/cgeek/Sites/fankui/framework/web/CWebApplication.php:280
Stack trace:
#0 /Users/cgeek/Sites/fankui/framework/web/CWebApplication.php(135): CWebApplication->runController('images/logo.gif')
#1 /Users/cgeek/Sites/fankui/framework/base/CApplication.php(162): CWebApplication->processRequest()
#2 /Users/cgeek/Sites/fankui/WebRoot/index.php(13): CApplication->run()
#3 {main}
REQUEST_URI=/images/logo.gif
HTTP_REFERER=http://fankui.cc/client/feedback?app_key=123
---
2012/06/10 19:52:28 [error] [exception.CHttpException.404] exception 'CHttpException' with message 'Unable to resolve the request "images/logo.gif".' in /Users/cgeek/Sites/fankui/framework/web/CWebApplication.php:280
Stack trace:
#0 /Users/cgeek/Sites/fankui/framework/web/CWebApplication.php(135): CWebApplication->runController('images/logo.gif')
#1 /Users/cgeek/Sites/fankui/framework/base/CApplication.php(162): CWebApplication->processRequest()
#2 /Users/cgeek/Sites/fankui/WebRoot/index.php(13): CApplication->run()
#3 {main}
REQUEST_URI=/images/logo.gif
HTTP_REFERER=http://fankui.cc/client/feedback?app_key=123
---
2012/06/10 19:52:28 [error] [exception.CHttpException.404] exception 'CHttpException' with message 'Unable to resolve the request "favicon.ico".' in /Users/cgeek/Sites/fankui/framework/web/CWebApplication.php:280
Stack trace:
#0 /Users/cgeek/Sites/fankui/framework/web/CWebApplication.php(135): CWebApplication->runController('favicon.ico')
#1 /Users/cgeek/Sites/fankui/framework/base/CApplication.php(162): CWebApplication->processRequest()
#2 /Users/cgeek/Sites/fankui/WebRoot/index.php(13): CApplication->run()
#3 {main}
REQUEST_URI=/favicon.ico
---
2012/06/10 19:52:28 [error] [exception.CHttpException.404] exception 'CHttpException' with message 'Unable to resolve the request "favicon.ico".' in /Users/cgeek/Sites/fankui/framework/web/CWebApplication.php:280
Stack trace:
#0 /Users/cgeek/Sites/fankui/framework/web/CWebApplication.php(135): CWebApplication->runController('favicon.ico')
#1 /Users/cgeek/Sites/fankui/framework/base/CApplication.php(162): CWebApplication->processRequest()
#2 /Users/cgeek/Sites/fankui/WebRoot/index.php(13): CApplication->run()
#3 {main}
REQUEST_URI=/favicon.ico
---
2012/06/10 19:52:36 [error] [exception.CHttpException.404] exception 'CHttpException' with message 'Unable to resolve the request "images/logo.gif".' in /Users/cgeek/Sites/fankui/framework/web/CWebApplication.php:280
Stack trace:
#0 /Users/cgeek/Sites/fankui/framework/web/CWebApplication.php(135): CWebApplication->runController('images/logo.gif')
#1 /Users/cgeek/Sites/fankui/framework/base/CApplication.php(162): CWebApplication->processRequest()
#2 /Users/cgeek/Sites/fankui/WebRoot/index.php(13): CApplication->run()
#3 {main}
REQUEST_URI=/images/logo.gif
HTTP_REFERER=http://fankui.cc/
---
2012/06/10 19:52:36 [error] [exception.CHttpException.404] exception 'CHttpException' with message 'Unable to resolve the request "images/logo.gif".' in /Users/cgeek/Sites/fankui/framework/web/CWebApplication.php:280
Stack trace:
#0 /Users/cgeek/Sites/fankui/framework/web/CWebApplication.php(135): CWebApplication->runController('images/logo.gif')
#1 /Users/cgeek/Sites/fankui/framework/base/CApplication.php(162): CWebApplication->processRequest()
#2 /Users/cgeek/Sites/fankui/WebRoot/index.php(13): CApplication->run()
#3 {main}
REQUEST_URI=/images/logo.gif
HTTP_REFERER=http://fankui.cc/client/feedback?app_key=123
---
2012/06/10 19:52:36 [error] [exception.CHttpException.404] exception 'CHttpException' with message 'Unable to resolve the request "favicon.ico".' in /Users/cgeek/Sites/fankui/framework/web/CWebApplication.php:280
Stack trace:
#0 /Users/cgeek/Sites/fankui/framework/web/CWebApplication.php(135): CWebApplication->runController('favicon.ico')
#1 /Users/cgeek/Sites/fankui/framework/base/CApplication.php(162): CWebApplication->processRequest()
#2 /Users/cgeek/Sites/fankui/WebRoot/index.php(13): CApplication->run()
#3 {main}
REQUEST_URI=/favicon.ico
---
2012/06/10 19:52:36 [error] [exception.CHttpException.404] exception 'CHttpException' with message 'Unable to resolve the request "favicon.ico".' in /Users/cgeek/Sites/fankui/framework/web/CWebApplication.php:280
Stack trace:
#0 /Users/cgeek/Sites/fankui/framework/web/CWebApplication.php(135): CWebApplication->runController('favicon.ico')
#1 /Users/cgeek/Sites/fankui/framework/base/CApplication.php(162): CWebApplication->processRequest()
#2 /Users/cgeek/Sites/fankui/WebRoot/index.php(13): CApplication->run()
#3 {main}
REQUEST_URI=/favicon.ico
---
2012/06/10 19:53:04 [error] [exception.CHttpException.404] exception 'CHttpException' with message 'Unable to resolve the request "images/logo.gif".' in /Users/cgeek/Sites/fankui/framework/web/CWebApplication.php:280
Stack trace:
#0 /Users/cgeek/Sites/fankui/framework/web/CWebApplication.php(135): CWebApplication->runController('images/logo.gif')
#1 /Users/cgeek/Sites/fankui/framework/base/CApplication.php(162): CWebApplication->processRequest()
#2 /Users/cgeek/Sites/fankui/WebRoot/index.php(13): CApplication->run()
#3 {main}
REQUEST_URI=/images/logo.gif
HTTP_REFERER=http://fankui.cc/
---
2012/06/10 19:53:05 [error] [exception.CHttpException.404] exception 'CHttpException' with message 'Unable to resolve the request "images/logo.gif".' in /Users/cgeek/Sites/fankui/framework/web/CWebApplication.php:280
Stack trace:
#0 /Users/cgeek/Sites/fankui/framework/web/CWebApplication.php(135): CWebApplication->runController('images/logo.gif')
#1 /Users/cgeek/Sites/fankui/framework/base/CApplication.php(162): CWebApplication->processRequest()
#2 /Users/cgeek/Sites/fankui/WebRoot/index.php(13): CApplication->run()
#3 {main}
REQUEST_URI=/images/logo.gif
HTTP_REFERER=http://fankui.cc/client/feedback?app_key=123
---
2012/06/10 19:53:05 [error] [exception.CHttpException.404] exception 'CHttpException' with message 'Unable to resolve the request "favicon.ico".' in /Users/cgeek/Sites/fankui/framework/web/CWebApplication.php:280
Stack trace:
#0 /Users/cgeek/Sites/fankui/framework/web/CWebApplication.php(135): CWebApplication->runController('favicon.ico')
#1 /Users/cgeek/Sites/fankui/framework/base/CApplication.php(162): CWebApplication->processRequest()
#2 /Users/cgeek/Sites/fankui/WebRoot/index.php(13): CApplication->run()
#3 {main}
REQUEST_URI=/favicon.ico
---
2012/06/10 19:53:05 [error] [exception.CHttpException.404] exception 'CHttpException' with message 'Unable to resolve the request "favicon.ico".' in /Users/cgeek/Sites/fankui/framework/web/CWebApplication.php:280
Stack trace:
#0 /Users/cgeek/Sites/fankui/framework/web/CWebApplication.php(135): CWebApplication->runController('favicon.ico')
#1 /Users/cgeek/Sites/fankui/framework/base/CApplication.php(162): CWebApplication->processRequest()
#2 /Users/cgeek/Sites/fankui/WebRoot/index.php(13): CApplication->run()
#3 {main}
REQUEST_URI=/favicon.ico
---
2012/06/10 19:53:06 [error] [exception.CHttpException.404] exception 'CHttpException' with message 'Unable to resolve the request "images/logo.gif".' in /Users/cgeek/Sites/fankui/framework/web/CWebApplication.php:280
Stack trace:
#0 /Users/cgeek/Sites/fankui/framework/web/CWebApplication.php(135): CWebApplication->runController('images/logo.gif')
#1 /Users/cgeek/Sites/fankui/framework/base/CApplication.php(162): CWebApplication->processRequest()
#2 /Users/cgeek/Sites/fankui/WebRoot/index.php(13): CApplication->run()
#3 {main}
REQUEST_URI=/images/logo.gif
HTTP_REFERER=http://fankui.cc/
---
2012/06/10 19:53:06 [error] [exception.CHttpException.404] exception 'CHttpException' with message 'Unable to resolve the request "images/logo.gif".' in /Users/cgeek/Sites/fankui/framework/web/CWebApplication.php:280
Stack trace:
#0 /Users/cgeek/Sites/fankui/framework/web/CWebApplication.php(135): CWebApplication->runController('images/logo.gif')
#1 /Users/cgeek/Sites/fankui/framework/base/CApplication.php(162): CWebApplication->processRequest()
#2 /Users/cgeek/Sites/fankui/WebRoot/index.php(13): CApplication->run()
#3 {main}
REQUEST_URI=/images/logo.gif
HTTP_REFERER=http://fankui.cc/client/feedback?app_key=123
---
2012/06/10 19:53:06 [error] [exception.CHttpException.404] exception 'CHttpException' with message 'Unable to resolve the request "favicon.ico".' in /Users/cgeek/Sites/fankui/framework/web/CWebApplication.php:280
Stack trace:
#0 /Users/cgeek/Sites/fankui/framework/web/CWebApplication.php(135): CWebApplication->runController('favicon.ico')
#1 /Users/cgeek/Sites/fankui/framework/base/CApplication.php(162): CWebApplication->processRequest()
#2 /Users/cgeek/Sites/fankui/WebRoot/index.php(13): CApplication->run()
#3 {main}
REQUEST_URI=/favicon.ico
---
2012/06/10 19:53:06 [error] [exception.CHttpException.404] exception 'CHttpException' with message 'Unable to resolve the request "favicon.ico".' in /Users/cgeek/Sites/fankui/framework/web/CWebApplication.php:280
Stack trace:
#0 /Users/cgeek/Sites/fankui/framework/web/CWebApplication.php(135): CWebApplication->runController('favicon.ico')
#1 /Users/cgeek/Sites/fankui/framework/base/CApplication.php(162): CWebApplication->processRequest()
#2 /Users/cgeek/Sites/fankui/WebRoot/index.php(13): CApplication->run()
#3 {main}
REQUEST_URI=/favicon.ico
---
2012/06/10 19:53:09 [error] [exception.CHttpException.404] exception 'CHttpException' with message 'Unable to resolve the request "images/logo.gif".' in /Users/cgeek/Sites/fankui/framework/web/CWebApplication.php:280
Stack trace:
#0 /Users/cgeek/Sites/fankui/framework/web/CWebApplication.php(135): CWebApplication->runController('images/logo.gif')
#1 /Users/cgeek/Sites/fankui/framework/base/CApplication.php(162): CWebApplication->processRequest()
#2 /Users/cgeek/Sites/fankui/WebRoot/index.php(13): CApplication->run()
#3 {main}
REQUEST_URI=/images/logo.gif
HTTP_REFERER=http://fankui.cc/user/register
---
2012/06/10 19:53:09 [error] [exception.CHttpException.404] exception 'CHttpException' with message 'Unable to resolve the request "images/logo.gif".' in /Users/cgeek/Sites/fankui/framework/web/CWebApplication.php:280
Stack trace:
#0 /Users/cgeek/Sites/fankui/framework/web/CWebApplication.php(135): CWebApplication->runController('images/logo.gif')
#1 /Users/cgeek/Sites/fankui/framework/base/CApplication.php(162): CWebApplication->processRequest()
#2 /Users/cgeek/Sites/fankui/WebRoot/index.php(13): CApplication->run()
#3 {main}
REQUEST_URI=/images/logo.gif
HTTP_REFERER=http://fankui.cc/client/feedback?app_key=123
---
2012/06/10 19:53:09 [error] [exception.CHttpException.404] exception 'CHttpException' with message 'Unable to resolve the request "favicon.ico".' in /Users/cgeek/Sites/fankui/framework/web/CWebApplication.php:280
Stack trace:
#0 /Users/cgeek/Sites/fankui/framework/web/CWebApplication.php(135): CWebApplication->runController('favicon.ico')
#1 /Users/cgeek/Sites/fankui/framework/base/CApplication.php(162): CWebApplication->processRequest()
#2 /Users/cgeek/Sites/fankui/WebRoot/index.php(13): CApplication->run()
#3 {main}
REQUEST_URI=/favicon.ico
---
2012/06/10 19:53:09 [error] [exception.CHttpException.404] exception 'CHttpException' with message 'Unable to resolve the request "favicon.ico".' in /Users/cgeek/Sites/fankui/framework/web/CWebApplication.php:280
Stack trace:
#0 /Users/cgeek/Sites/fankui/framework/web/CWebApplication.php(135): CWebApplication->runController('favicon.ico')
#1 /Users/cgeek/Sites/fankui/framework/base/CApplication.php(162): CWebApplication->processRequest()
#2 /Users/cgeek/Sites/fankui/WebRoot/index.php(13): CApplication->run()
#3 {main}
REQUEST_URI=/favicon.ico
---
2012/06/10 19:53:10 [error] [exception.CHttpException.404] exception 'CHttpException' with message 'Unable to resolve the request "images/logo.gif".' in /Users/cgeek/Sites/fankui/framework/web/CWebApplication.php:280
Stack trace:
#0 /Users/cgeek/Sites/fankui/framework/web/CWebApplication.php(135): CWebApplication->runController('images/logo.gif')
#1 /Users/cgeek/Sites/fankui/framework/base/CApplication.php(162): CWebApplication->processRequest()
#2 /Users/cgeek/Sites/fankui/WebRoot/index.php(13): CApplication->run()
#3 {main}
REQUEST_URI=/images/logo.gif
HTTP_REFERER=http://fankui.cc/client/feedback?app_key=123
---
2012/06/10 19:53:10 [error] [exception.CHttpException.404] exception 'CHttpException' with message 'Unable to resolve the request "favicon.ico".' in /Users/cgeek/Sites/fankui/framework/web/CWebApplication.php:280
Stack trace:
#0 /Users/cgeek/Sites/fankui/framework/web/CWebApplication.php(135): CWebApplication->runController('favicon.ico')
#1 /Users/cgeek/Sites/fankui/framework/base/CApplication.php(162): CWebApplication->processRequest()
#2 /Users/cgeek/Sites/fankui/WebRoot/index.php(13): CApplication->run()
#3 {main}
REQUEST_URI=/favicon.ico
---
2012/06/10 19:53:10 [error] [exception.CHttpException.404] exception 'CHttpException' with message 'Unable to resolve the request "favicon.ico".' in /Users/cgeek/Sites/fankui/framework/web/CWebApplication.php:280
Stack trace:
#0 /Users/cgeek/Sites/fankui/framework/web/CWebApplication.php(135): CWebApplication->runController('favicon.ico')
#1 /Users/cgeek/Sites/fankui/framework/base/CApplication.php(162): CWebApplication->processRequest()
#2 /Users/cgeek/Sites/fankui/WebRoot/index.php(13): CApplication->run()
#3 {main}
REQUEST_URI=/favicon.ico
---
2012/06/10 19:53:32 [error] [exception.CHttpException.404] exception 'CHttpException' with message 'Unable to resolve the request "images/logo.gif".' in /Users/cgeek/Sites/fankui/framework/web/CWebApplication.php:280
Stack trace:
#0 /Users/cgeek/Sites/fankui/framework/web/CWebApplication.php(135): CWebApplication->runController('images/logo.gif')
#1 /Users/cgeek/Sites/fankui/framework/base/CApplication.php(162): CWebApplication->processRequest()
#2 /Users/cgeek/Sites/fankui/WebRoot/index.php(13): CApplication->run()
#3 {main}
REQUEST_URI=/images/logo.gif
HTTP_REFERER=http://fankui.cc/user/register
---
2012/06/10 19:53:32 [error] [exception.CHttpException.404] exception 'CHttpException' with message 'Unable to resolve the request "images/logo.gif".' in /Users/cgeek/Sites/fankui/framework/web/CWebApplication.php:280
Stack trace:
#0 /Users/cgeek/Sites/fankui/framework/web/CWebApplication.php(135): CWebApplication->runController('images/logo.gif')
#1 /Users/cgeek/Sites/fankui/framework/base/CApplication.php(162): CWebApplication->processRequest()
#2 /Users/cgeek/Sites/fankui/WebRoot/index.php(13): CApplication->run()
#3 {main}
REQUEST_URI=/images/logo.gif
HTTP_REFERER=http://fankui.cc/client/feedback?app_key=123
---
2012/06/10 19:53:32 [error] [exception.CHttpException.404] exception 'CHttpException' with message 'Unable to resolve the request "favicon.ico".' in /Users/cgeek/Sites/fankui/framework/web/CWebApplication.php:280
Stack trace:
#0 /Users/cgeek/Sites/fankui/framework/web/CWebApplication.php(135): CWebApplication->runController('favicon.ico')
#1 /Users/cgeek/Sites/fankui/framework/base/CApplication.php(162): CWebApplication->processRequest()
#2 /Users/cgeek/Sites/fankui/WebRoot/index.php(13): CApplication->run()
#3 {main}
REQUEST_URI=/favicon.ico
---
2012/06/10 19:53:32 [error] [exception.CHttpException.404] exception 'CHttpException' with message 'Unable to resolve the request "favicon.ico".' in /Users/cgeek/Sites/fankui/framework/web/CWebApplication.php:280
Stack trace:
#0 /Users/cgeek/Sites/fankui/framework/web/CWebApplication.php(135): CWebApplication->runController('favicon.ico')
#1 /Users/cgeek/Sites/fankui/framework/base/CApplication.php(162): CWebApplication->processRequest()
#2 /Users/cgeek/Sites/fankui/WebRoot/index.php(13): CApplication->run()
#3 {main}
REQUEST_URI=/favicon.ico
---
